# JRE version: OpenJDK Runtime Environment Temurin-21.0.3+9 (21.0.3+9) (build 21.0.3+9-LTS)
# Java VM: OpenJDK 64-Bit Server VM Temurin-21.0.3+9 (21.0.3+9-LTS, mixed mode, tiered, compressed oops, compressed class ptrs, g1 gc, windows-amd64)
GC Precious Log:
 CardTable entry size: 512
 Card Set container configuration: InlinePtr #cards 4 size 8 Array Of Cards #cards 32 size 80 Howl #buckets 8 coarsen threshold 7372 Howl Bitmap #cards 1024 size 144 coarsen threshold 921 Card regions per heap region 1 cards per card region 8192
 CPUs: 16 total, 16 available
 Memory: 32637M
 Large Page Support: Disabled
 NUMA Support: Disabled
 Compressed Oops: Enabled (Zero based)
 Heap Region Size: 4M
 Heap Min Capacity: 8M
 Heap Initial Capacity: 512M
 Heap Max Capacity: 8160M
 Pre-touch: Disabled
 Parallel Workers: 13
 Concurrent Workers: 3
 Concurrent Refinement Workers: 13
 Periodic GC: Disabled
Heap:
 garbage-first heap   total 1327104K, used 659186K [0x0000000602000000, 0x0000000800000000)
  region size 4096K, 112 young (458752K), 1 survivors (4096K)
 Metaspace       used 112816K, committed 114240K, reserved 1179648K
  class space    used 12466K, committed 13056K, reserved 1048576K
GC Heap History (20 events):
Event: 13.439 GC heap before
{Heap before GC invocations=24 (full 0):
 garbage-first heap   total 364544K, used 323163K [0x0000000602000000, 0x0000000800000000)
  region size 4096K, 48 young (196608K), 4 survivors (16384K)
 Metaspace       used 93081K, committed 94208K, reserved 1179648K
  class space    used 10254K, committed 10752K, reserved 1048576K
}
Event: 13.462 GC heap after
{Heap after GC invocations=25 (full 0):
 garbage-first heap   total 454656K, used 176227K [0x0000000602000000, 0x0000000800000000)
  region size 4096K, 6 young (24576K), 6 survivors (24576K)
 Metaspace       used 93081K, committed 94208K, reserved 1179648K
  class space    used 10254K, committed 10752K, reserved 1048576K
}
Event: 14.393 GC heap before
{Heap before GC invocations=25 (full 0):
 garbage-first heap   total 454656K, used 393315K [0x0000000602000000, 0x0000000800000000)
  region size 4096K, 59 young (241664K), 6 survivors (24576K)
 Metaspace       used 94092K, committed 95232K, reserved 1179648K
  class space    used 10347K, committed 10816K, reserved 1048576K
}
Event: 14.401 GC heap after
{Heap after GC invocations=26 (full 0):
 garbage-first heap   total 454656K, used 183067K [0x0000000602000000, 0x0000000800000000)
  region size 4096K, 1 young (4096K), 1 survivors (4096K)
 Metaspace       used 94092K, committed 95232K, reserved 1179648K
  class space    used 10347K, committed 10816K, reserved 1048576K
}
Event: 17.411 GC heap before
{Heap before GC invocations=26 (full 0):
 garbage-first heap   total 454656K, used 412443K [0x0000000602000000, 0x0000000800000000)
  region size 4096K, 57 young (233472K), 1 survivors (4096K)
 Metaspace       used 94929K, committed 96064K, reserved 1179648K
  class space    used 10453K, committed 10944K, reserved 1048576K
}
Event: 17.417 GC heap after
{Heap after GC invocations=27 (full 0):
 garbage-first heap   total 454656K, used 196281K [0x0000000602000000, 0x0000000800000000)
  region size 4096K, 5 young (20480K), 5 survivors (20480K)
 Metaspace       used 94929K, committed 96064K, reserved 1179648K
  class space    used 10453K, committed 10944K, reserved 1048576K
}
Event: 18.982 GC heap before
{Heap before GC invocations=27 (full 0):
 garbage-first heap   total 454656K, used 401081K [0x0000000602000000, 0x0000000800000000)
  region size 4096K, 55 young (225280K), 5 survivors (20480K)
 Metaspace       used 100768K, committed 102016K, reserved 1179648K
  class space    used 11119K, committed 11648K, reserved 1048576K
}
Event: 18.988 GC heap after
{Heap after GC invocations=28 (full 0):
 garbage-first heap   total 454656K, used 206337K [0x0000000602000000, 0x0000000800000000)
  region size 4096K, 3 young (12288K), 3 survivors (12288K)
 Metaspace       used 100768K, committed 102016K, reserved 1179648K
  class space    used 11119K, committed 11648K, reserved 1048576K
}
Event: 19.110 GC heap before
{Heap before GC invocations=28 (full 0):
 garbage-first heap   total 454656K, used 214529K [0x0000000602000000, 0x0000000800000000)
  region size 4096K, 6 young (24576K), 3 survivors (12288K)
 Metaspace       used 101502K, committed 102656K, reserved 1179648K
  class space    used 11211K, committed 11712K, reserved 1048576K
}
Event: 19.114 GC heap after
{Heap after GC invocations=29 (full 0):
 garbage-first heap   total 454656K, used 209707K [0x0000000602000000, 0x0000000800000000)
  region size 4096K, 4 young (16384K), 4 survivors (16384K)
 Metaspace       used 101502K, committed 102656K, reserved 1179648K
  class space    used 11211K, committed 11712K, reserved 1048576K
}
Event: 30.690 GC heap before
{Heap before GC invocations=30 (full 0):
 garbage-first heap   total 454656K, used 414507K [0x0000000602000000, 0x0000000800000000)
  region size 4096K, 52 young (212992K), 4 survivors (16384K)
 Metaspace       used 105340K, committed 106560K, reserved 1179648K
  class space    used 11664K, committed 12160K, reserved 1048576K
}
Event: 30.696 GC heap after
{Heap after GC invocations=31 (full 0):
 garbage-first heap   total 454656K, used 218187K [0x0000000602000000, 0x0000000800000000)
  region size 4096K, 4 young (16384K), 4 survivors (16384K)
 Metaspace       used 105340K, committed 106560K, reserved 1179648K
  class space    used 11664K, committed 12160K, reserved 1048576K
}
Event: 36.885 GC heap before
{Heap before GC invocations=31 (full 0):
 garbage-first heap   total 454656K, used 406603K [0x0000000602000000, 0x0000000800000000)
  region size 4096K, 50 young (204800K), 4 survivors (16384K)
 Metaspace       used 105897K, committed 107200K, reserved 1179648K
  class space    used 11705K, committed 12288K, reserved 1048576K
}
Event: 36.891 GC heap after
{Heap after GC invocations=32 (full 0):
 garbage-first heap   total 454656K, used 215979K [0x0000000602000000, 0x0000000800000000)
  region size 4096K, 4 young (16384K), 4 survivors (16384K)
 Metaspace       used 105897K, committed 107200K, reserved 1179648K
  class space    used 11705K, committed 12288K, reserved 1048576K
}
Event: 38.658 GC heap before
{Heap before GC invocations=32 (full 0):
 garbage-first heap   total 454656K, used 265131K [0x0000000602000000, 0x0000000800000000)
  region size 4096K, 17 young (69632K), 4 survivors (16384K)
 Metaspace       used 106759K, committed 108032K, reserved 1179648K
  class space    used 11809K, committed 12352K, reserved 1048576K
}
Event: 38.663 GC heap after
{Heap after GC invocations=33 (full 0):
 garbage-first heap   total 454656K, used 217528K [0x0000000602000000, 0x0000000800000000)
  region size 4096K, 4 young (16384K), 4 survivors (16384K)
 Metaspace       used 106759K, committed 108032K, reserved 1179648K
  class space    used 11809K, committed 12352K, reserved 1048576K
}
Event: 47.983 GC heap before
{Heap before GC invocations=34 (full 0):
 garbage-first heap   total 1306624K, used 1302968K [0x0000000602000000, 0x0000000800000000)
  region size 4096K, 9 young (36864K), 4 survivors (16384K)
 Metaspace       used 106816K, committed 108096K, reserved 1179648K
  class space    used 11811K, committed 12352K, reserved 1048576K
}
Event: 47.988 GC heap after
{Heap after GC invocations=35 (full 0):
 garbage-first heap   total 1323008K, used 1282673K [0x0000000602000000, 0x0000000800000000)
  region size 4096K, 2 young (8192K), 2 survivors (8192K)
 Metaspace       used 106816K, committed 108096K, reserved 1179648K
  class space    used 11811K, committed 12352K, reserved 1048576K
}
Event: 48.026 GC heap before
{Heap before GC invocations=35 (full 0):
 garbage-first heap   total 1323008K, used 1311345K [0x0000000602000000, 0x0000000800000000)
  region size 4096K, 9 young (36864K), 2 survivors (8192K)
 Metaspace       used 106839K, committed 108096K, reserved 1179648K
  class space    used 11811K, committed 12352K, reserved 1048576K
}
Event: 48.032 GC heap after
{Heap after GC invocations=36 (full 0):
 garbage-first heap   total 1327104K, used 212722K [0x0000000602000000, 0x0000000800000000)
  region size 4096K, 1 young (4096K), 1 survivors (4096K)
 Metaspace       used 106839K, committed 108096K, reserved 1179648K
  class space    used 11811K, committed 12352K, reserved 1048576K
}

